#
# There is insufficient memory for the Java Runtime Environment to continue.
# Native memory allocation (malloc) failed to allocate 479856 bytes for Chunk::new
# Possible reasons:
#   The system is out of physical RAM or swap space
#   The process is running with CompressedOops enabled, and the Java Heap may be blocking the growth of the native heap
# Possible solutions:
#   Reduce memory load on the system
#   Increase physical memory or swap space
#   Check if swap backing store is full
#   Decrease Java heap size (-Xmx/-Xms)
#   Decrease number of Java threads
#   Decrease Java thread stack sizes (-Xss)
#   Set larger code cache with -XX:ReservedCodeCacheSize=
#   JVM is running with Unscaled Compressed Oops mode in which the Java heap is
#     placed in the first 4GB address space. The Java Heap base address is the
#     maximum limit for the native heap growth. Please use -XX:HeapBaseMinAddress
#     to set the Java Heap base and to place the Java Heap above 4GB virtual address.
# This output file may be truncated or incomplete.
#
#  Out of Memory Error (./src/hotspot/share/memory/arena.cpp:197), pid=14172, tid=13068
#
# JRE version: OpenJDK Runtime Environment (11.0.13) (build 11.0.13+0-b1751.21-8125866)
# Java VM: OpenJDK 64-Bit Server VM (11.0.13+0-b1751.21-8125866, mixed mode, tiered, compressed oops, g1 gc, windows-amd64)
# No core dump will be written. Minidumps are not enabled by default on client versions of Windows
#

---------------  S U M M A R Y ------------

Command Line: --add-opens=java.base/java.util=ALL-UNNAMED --add-opens=java.base/java.lang=ALL-UNNAMED --add-opens=java.base/java.lang.invoke=ALL-UNNAMED --add-opens=java.base/java.util=ALL-UNNAMED --add-opens=java.prefs/java.util.prefs=ALL-UNNAMED --add-opens=java.prefs/java.util.prefs=ALL-UNNAMED --add-opens=java.base/java.nio.charset=ALL-UNNAMED --add-opens=java.base/java.net=ALL-UNNAMED --add-opens=java.base/java.util.concurrent.atomic=ALL-UNNAMED -Xmx2048m -Dfile.encoding=UTF-8 -Duser.country=US -Duser.language=en -Duser.variant org.gradle.launcher.daemon.bootstrap.GradleDaemon 7.4

Host: AMD Ryzen 3 3200U with Radeon Vega Mobile Gfx  , 4 cores, 5G,  Windows 10 , 64 bit Build 19041 (10.0.19041.2251)
Time: Sat Dec 10 15:08:02 2022 W. Central Africa Standard Time elapsed time: 31.398235 seconds (0d 0h 0m 31s)

---------------  T H R E A D  ---------------

Current thread (0x0000015b753f8800):  JavaThread "C2 CompilerThread0" daemon [_thread_in_native, id=13068, stack(0x0000002d27200000,0x0000002d27300000)]


Current CompileTask:
C2:  31398 9734   !   4       java.util.concurrent.ConcurrentHashMap::computeIfAbsent (576 bytes)

Stack: [0x0000002d27200000,0x0000002d27300000]
Native frames: (J=compiled Java code, j=interpreted, Vv=VM code, C=native code)
V  [jvm.dll+0x6100fa]
V  [jvm.dll+0x747090]
V  [jvm.dll+0x7486ad]
V  [jvm.dll+0x748d83]
V  [jvm.dll+0x24ab48]
V  [jvm.dll+0xc04dc]
V  [jvm.dll+0xc0a0c]
V  [jvm.dll+0x35eb9d]
V  [jvm.dll+0x19d7bc]
V  [jvm.dll+0x2033be]
V  [jvm.dll+0x202437]
V  [jvm.dll+0x188e01]
V  [jvm.dll+0x21106b]
V  [jvm.dll+0x20f8c1]
V  [jvm.dll+0x70de0f]
V  [jvm.dll+0x706a75]
V  [jvm.dll+0x60ed66]
C  [ucrtbase.dll+0x21bb2]
C  [KERNEL32.DLL+0x174b4]
C  [ntdll.dll+0x526a1]


---------------  P R O C E S S  ---------------

Threads class SMR info:
_java_thread_list=0x0000015b7c053330, length=86, elements={
0x0000015b5b7e2000, 0x0000015b753ca800, 0x0000015b753d4000, 0x0000015b753e1000,
0x0000015b753e3800, 0x0000015b753e7800, 0x0000015b753f8800, 0x0000015b753f9000,
0x0000015b753fc800, 0x0000015b75ea2000, 0x0000015b76b6e000, 0x0000015b76949800,
0x0000015b784be800, 0x0000015b772af000, 0x0000015b789dd800, 0x0000015b772ec800,
0x0000015b77823800, 0x0000015b780c4000, 0x0000015b778c2000, 0x0000015b77366800,
0x0000015b780bd000, 0x0000015b780c2000, 0x0000015b780bc000, 0x0000015b780bd800,
0x0000015b780be800, 0x0000015b780c2800, 0x0000015b780bf800, 0x0000015b780c0000,
0x0000015b780c1000, 0x0000015b7b3a2000, 0x0000015b7b3a1800, 0x0000015b7b3a6000,
0x0000015b7b3a3000, 0x0000015b7b3a3800, 0x0000015b7b3a9800, 0x0000015b7b3aa800,
0x0000015b7b3a4800, 0x0000015b7b3ae800, 0x0000015b7b3af000, 0x0000015b7b3ad800,
0x0000015b7b3b0000, 0x0000015b7b3ab000, 0x0000015b7b3ac000, 0x0000015b7b3ac800,
0x0000015b7b565800, 0x0000015b7b566800, 0x0000015b7b568000, 0x0000015b7b564800,
0x0000015b7b564000, 0x0000015b7b568800, 0x0000015b7b569800, 0x0000015b7b56a800,
0x0000015b7b56b000, 0x0000015b7b567000, 0x0000015b7b56e800, 0x0000015b7b56f800,
0x0000015b7b56c000, 0x0000015b7b570000, 0x0000015b7b572800, 0x0000015b7b56d000,
0x0000015b7b571800, 0x0000015b7b571000, 0x0000015b7b56d800, 0x0000015b7bd63000,
0x0000015b7bd61800, 0x0000015b7bd5e800, 0x0000015b7bd64000, 0x0000015b7bd62800,
0x0000015b7bd65000, 0x0000015b7bd5f000, 0x0000015b7bd65800, 0x0000015b7bd60000,
0x0000015b7bd66800, 0x0000015b7bd60800, 0x0000015b7bd6a800, 0x0000015b7bd69000,
0x0000015b7bd6b800, 0x0000015b7bd6d000, 0x0000015b7bd68000, 0x0000015b7bd6c000,
0x0000015b7bd69800, 0x0000015b7bd67000, 0x0000015b7bf74800, 0x0000015b7bf77000,
0x0000015b7bf78000, 0x0000015b7bf78800
}

Java Threads: ( => current thread )
  0x0000015b5b7e2000 JavaThread "main" [_thread_blocked, id=9900, stack(0x0000002d26600000,0x0000002d26700000)]
  0x0000015b753ca800 JavaThread "Reference Handler" daemon [_thread_blocked, id=16472, stack(0x0000002d26d00000,0x0000002d26e00000)]
  0x0000015b753d4000 JavaThread "Finalizer" daemon [_thread_blocked, id=17332, stack(0x0000002d26e00000,0x0000002d26f00000)]
  0x0000015b753e1000 JavaThread "Signal Dispatcher" daemon [_thread_blocked, id=11504, stack(0x0000002d26f00000,0x0000002d27000000)]
  0x0000015b753e3800 JavaThread "Attach Listener" daemon [_thread_blocked, id=14072, stack(0x0000002d27000000,0x0000002d27100000)]
  0x0000015b753e7800 JavaThread "Service Thread" daemon [_thread_blocked, id=3956, stack(0x0000002d27100000,0x0000002d27200000)]
=>0x0000015b753f8800 JavaThread "C2 CompilerThread0" daemon [_thread_in_native, id=13068, stack(0x0000002d27200000,0x0000002d27300000)]
  0x0000015b753f9000 JavaThread "C1 CompilerThread0" daemon [_thread_in_native, id=4484, stack(0x0000002d27300000,0x0000002d27400000)]
  0x0000015b753fc800 JavaThread "Sweeper thread" daemon [_thread_blocked, id=3708, stack(0x0000002d27400000,0x0000002d27500000)]
  0x0000015b75ea2000 JavaThread "Common-Cleaner" daemon [_thread_blocked, id=15612, stack(0x0000002d27500000,0x0000002d27600000)]
  0x0000015b76b6e000 JavaThread "Daemon health stats" [_thread_blocked, id=14220, stack(0x0000002d27900000,0x0000002d27a00000)]
  0x0000015b76949800 JavaThread "Incoming local TCP Connector on port 51747" [_thread_in_native, id=11112, stack(0x0000002d27800000,0x0000002d27900000)]
  0x0000015b784be800 JavaThread "Daemon periodic checks" [_thread_blocked, id=3096, stack(0x0000002d27a00000,0x0000002d27b00000)]
  0x0000015b772af000 JavaThread "Daemon" [_thread_blocked, id=16448, stack(0x0000002d27b00000,0x0000002d27c00000)]
  0x0000015b789dd800 JavaThread "Handler for socket connection from /127.0.0.1:51747 to /127.0.0.1:51748" [_thread_in_native, id=5640, stack(0x0000002d27c00000,0x0000002d27d00000)]
  0x0000015b772ec800 JavaThread "Cancel handler" [_thread_blocked, id=15924, stack(0x0000002d27d00000,0x0000002d27e00000)]
  0x0000015b77823800 JavaThread "Daemon worker" [_thread_blocked, id=13152, stack(0x0000002d27e00000,0x0000002d27f00000)]
  0x0000015b780c4000 JavaThread "Asynchronous log dispatcher for DefaultDaemonConnection: socket connection from /127.0.0.1:51747 to /127.0.0.1:51748" [_thread_blocked, id=15376, stack(0x0000002d27f00000,0x0000002d28000000)]
  0x0000015b778c2000 JavaThread "Stdin handler" [_thread_blocked, id=18044, stack(0x0000002d28000000,0x0000002d28100000)]
  0x0000015b77366800 JavaThread "Daemon client event forwarder" [_thread_blocked, id=11156, stack(0x0000002d28100000,0x0000002d28200000)]
  0x0000015b780bd000 JavaThread "Cache worker for journal cache (C:\Users\houssem\.gradle\caches\journal-1)" [_thread_blocked, id=7956, stack(0x0000002d28400000,0x0000002d28500000)]
  0x0000015b780c2000 JavaThread "File lock request listener" [_thread_in_native, id=13436, stack(0x0000002d28500000,0x0000002d28600000)]
  0x0000015b780bc000 JavaThread "Cache worker for file hash cache (C:\Users\houssem\.gradle\caches\7.4\fileHashes)" [_thread_blocked, id=6748, stack(0x0000002d28600000,0x0000002d28700000)]
  0x0000015b780bd800 JavaThread "File watcher server" daemon [_thread_in_native, id=2944, stack(0x0000002d28800000,0x0000002d28900000)]
  0x0000015b780be800 JavaThread "File watcher consumer" daemon [_thread_blocked, id=6332, stack(0x0000002d28900000,0x0000002d28a00000)]
  0x0000015b780c2800 JavaThread "Cache worker for checksums cache (D:\crud\.gradle\7.4\checksums)" [_thread_blocked, id=10356, stack(0x0000002d28a00000,0x0000002d28b00000)]
  0x0000015b780bf800 JavaThread "Cache worker for cache directory md-rule (C:\Users\houssem\.gradle\caches\7.4\md-rule)" [_thread_blocked, id=18348, stack(0x0000002d28b00000,0x0000002d28c00000)]
  0x0000015b780c0000 JavaThread "Cache worker for file hash cache (D:\crud\.gradle\7.4\fileHashes)" [_thread_blocked, id=12572, stack(0x0000002d28c00000,0x0000002d28d00000)]
  0x0000015b780c1000 JavaThread "Cache worker for cache directory md-supplier (C:\Users\houssem\.gradle\caches\7.4\md-supplier)" [_thread_blocked, id=18196, stack(0x0000002d28d00000,0x0000002d28e00000)]
  0x0000015b7b3a2000 JavaThread "Cache worker for execution history cache (C:\Users\houssem\.gradle\caches\7.4\executionHistory)" [_thread_blocked, id=16428, stack(0x0000002d28e00000,0x0000002d28f00000)]
  0x0000015b7b3a1800 JavaThread "jar transforms" [_thread_blocked, id=13588, stack(0x0000002d28f00000,0x0000002d29000000)]
  0x0000015b7b3a6000 JavaThread "Cache worker for file content cache (C:\Users\houssem\.gradle\caches\7.4\fileContent)" [_thread_blocked, id=9292, stack(0x0000002d29000000,0x0000002d29100000)]
  0x0000015b7b3a3000 JavaThread "jar transforms Thread 2" [_thread_blocked, id=9756, stack(0x0000002d29100000,0x0000002d29200000)]
  0x0000015b7b3a3800 JavaThread "Cache worker for dependencies-accessors (D:\crud\.gradle\7.4\dependencies-accessors)" [_thread_blocked, id=12144, stack(0x0000002d29200000,0x0000002d29300000)]
  0x0000015b7b3a9800 JavaThread "jar transforms Thread 3" [_thread_blocked, id=9840, stack(0x0000002d29300000,0x0000002d29400000)]
  0x0000015b7b3aa800 JavaThread "Cache worker for Build Output Cleanup Cache (D:\crud\.gradle\buildOutputCleanup)" [_thread_blocked, id=11432, stack(0x0000002d29400000,0x0000002d29500000)]
  0x0000015b7b3a4800 JavaThread "Unconstrained build operations" [_thread_blocked, id=8932, stack(0x0000002d29500000,0x0000002d29600000)]
  0x0000015b7b3ae800 JavaThread "Unconstrained build operations Thread 2" [_thread_blocked, id=7236, stack(0x0000002d29600000,0x0000002d29700000)]
  0x0000015b7b3af000 JavaThread "Unconstrained build operations Thread 3" [_thread_blocked, id=17668, stack(0x0000002d29700000,0x0000002d29800000)]
  0x0000015b7b3ad800 JavaThread "Unconstrained build operations Thread 4" [_thread_blocked, id=18112, stack(0x0000002d29800000,0x0000002d29900000)]
  0x0000015b7b3b0000 JavaThread "Unconstrained build operations Thread 5" [_thread_in_native, id=15080, stack(0x0000002d29900000,0x0000002d29a00000)]
  0x0000015b7b3ab000 JavaThread "Unconstrained build operations Thread 6" [_thread_blocked, id=6192, stack(0x0000002d29a00000,0x0000002d29b00000)]
  0x0000015b7b3ac000 JavaThread "Unconstrained build operations Thread 7" [_thread_blocked, id=5096, stack(0x0000002d29b00000,0x0000002d29c00000)]
  0x0000015b7b3ac800 JavaThread "Unconstrained build operations Thread 8" [_thread_blocked, id=13948, stack(0x0000002d29c00000,0x0000002d29d00000)]
  0x0000015b7b565800 JavaThread "Unconstrained build operations Thread 9" [_thread_blocked, id=15636, stack(0x0000002d29d00000,0x0000002d29e00000)]
  0x0000015b7b566800 JavaThread "Unconstrained build operations Thread 10" [_thread_blocked, id=14680, stack(0x0000002d29e00000,0x0000002d29f00000)]
  0x0000015b7b568000 JavaThread "Unconstrained build operations Thread 11" [_thread_blocked, id=6676, stack(0x0000002d29f00000,0x0000002d2a000000)]
  0x0000015b7b564800 JavaThread "Unconstrained build operations Thread 12" [_thread_blocked, id=18340, stack(0x0000002d2a000000,0x0000002d2a100000)]
  0x0000015b7b564000 JavaThread "Unconstrained build operations Thread 13" [_thread_blocked, id=13396, stack(0x0000002d2a100000,0x0000002d2a200000)]
  0x0000015b7b568800 JavaThread "Unconstrained build operations Thread 14" [_thread_blocked, id=14512, stack(0x0000002d2a200000,0x0000002d2a300000)]
  0x0000015b7b569800 JavaThread "Unconstrained build operations Thread 15" [_thread_blocked, id=16432, stack(0x0000002d2a300000,0x0000002d2a400000)]
  0x0000015b7b56a800 JavaThread "Unconstrained build operations Thread 16" [_thread_blocked, id=9364, stack(0x0000002d2a400000,0x0000002d2a500000)]
  0x0000015b7b56b000 JavaThread "Unconstrained build operations Thread 17" [_thread_blocked, id=16864, stack(0x0000002d2a500000,0x0000002d2a600000)]
  0x0000015b7b567000 JavaThread "Unconstrained build operations Thread 18" [_thread_blocked, id=5020, stack(0x0000002d2a600000,0x0000002d2a700000)]
  0x0000015b7b56e800 JavaThread "Unconstrained build operations Thread 19" [_thread_blocked, id=16968, stack(0x0000002d2a700000,0x0000002d2a800000)]
  0x0000015b7b56f800 JavaThread "Unconstrained build operations Thread 20" [_thread_blocked, id=16068, stack(0x0000002d2a800000,0x0000002d2a900000)]
  0x0000015b7b56c000 JavaThread "Unconstrained build operations Thread 21" [_thread_blocked, id=17288, stack(0x0000002d2a900000,0x0000002d2aa00000)]
  0x0000015b7b570000 JavaThread "Unconstrained build operations Thread 22" [_thread_blocked, id=16716, stack(0x0000002d2aa00000,0x0000002d2ab00000)]
  0x0000015b7b572800 JavaThread "Unconstrained build operations Thread 23" [_thread_blocked, id=10984, stack(0x0000002d2ab00000,0x0000002d2ac00000)]
  0x0000015b7b56d000 JavaThread "Unconstrained build operations Thread 24" [_thread_in_native, id=16360, stack(0x0000002d2ac00000,0x0000002d2ad00000)]
  0x0000015b7b571800 JavaThread "Unconstrained build operations Thread 25" [_thread_blocked, id=16520, stack(0x0000002d2ad00000,0x0000002d2ae00000)]
  0x0000015b7b571000 JavaThread "Unconstrained build operations Thread 26" [_thread_blocked, id=15312, stack(0x0000002d2ae00000,0x0000002d2af00000)]
  0x0000015b7b56d800 JavaThread "Unconstrained build operations Thread 27" [_thread_blocked, id=10924, stack(0x0000002d2af00000,0x0000002d2b000000)]
  0x0000015b7bd63000 JavaThread "Unconstrained build operations Thread 28" [_thread_blocked, id=12024, stack(0x0000002d2b000000,0x0000002d2b100000)]
  0x0000015b7bd61800 JavaThread "Unconstrained build operations Thread 29" [_thread_blocked, id=11512, stack(0x0000002d2b100000,0x0000002d2b200000)]
  0x0000015b7bd5e800 JavaThread "Unconstrained build operations Thread 30" [_thread_blocked, id=16084, stack(0x0000002d2b200000,0x0000002d2b300000)]
  0x0000015b7bd64000 JavaThread "Unconstrained build operations Thread 31" [_thread_blocked, id=14572, stack(0x0000002d2b300000,0x0000002d2b400000)]
  0x0000015b7bd62800 JavaThread "Unconstrained build operations Thread 32" [_thread_blocked, id=1212, stack(0x0000002d2b400000,0x0000002d2b500000)]
  0x0000015b7bd65000 JavaThread "Unconstrained build operations Thread 33" [_thread_blocked, id=1488, stack(0x0000002d2b500000,0x0000002d2b600000)]
  0x0000015b7bd5f000 JavaThread "Unconstrained build operations Thread 34" [_thread_blocked, id=1528, stack(0x0000002d2b600000,0x0000002d2b700000)]
  0x0000015b7bd65800 JavaThread "Unconstrained build operations Thread 35" [_thread_blocked, id=16904, stack(0x0000002d2b700000,0x0000002d2b800000)]
  0x0000015b7bd60000 JavaThread "Unconstrained build operations Thread 36" [_thread_blocked, id=16664, stack(0x0000002d2b800000,0x0000002d2b900000)]
  0x0000015b7bd66800 JavaThread "Unconstrained build operations Thread 37" [_thread_blocked, id=3524, stack(0x0000002d2b900000,0x0000002d2ba00000)]
  0x0000015b7bd60800 JavaThread "Unconstrained build operations Thread 38" [_thread_blocked, id=12548, stack(0x0000002d2ba00000,0x0000002d2bb00000)]
  0x0000015b7bd6a800 JavaThread "Unconstrained build operations Thread 39" [_thread_blocked, id=16420, stack(0x0000002d2bb00000,0x0000002d2bc00000)]
  0x0000015b7bd69000 JavaThread "Unconstrained build operations Thread 40" [_thread_blocked, id=16720, stack(0x0000002d2bc00000,0x0000002d2bd00000)]
  0x0000015b7bd6b800 JavaThread "jar transforms Thread 4" [_thread_blocked, id=14116, stack(0x0000002d2bd00000,0x0000002d2be00000)]
  0x0000015b7bd6d000 JavaThread "Memory manager" [_thread_blocked, id=15196, stack(0x0000002d28700000,0x0000002d28800000)]
  0x0000015b7bd68000 JavaThread "build event listener" [_thread_blocked, id=1460, stack(0x0000002d2be00000,0x0000002d2bf00000)]
  0x0000015b7bd6c000 JavaThread "pool-3-thread-1" [_thread_blocked, id=17296, stack(0x0000002d2bf00000,0x0000002d2c000000)]
  0x0000015b7bd69800 JavaThread "build event listener" [_thread_blocked, id=7700, stack(0x0000002d2c000000,0x0000002d2c100000)]
  0x0000015b7bd67000 JavaThread "included builds" [_thread_blocked, id=12156, stack(0x0000002d2c100000,0x0000002d2c200000)]
  0x0000015b7bf74800 JavaThread "Execution worker for ':'" [_thread_blocked, id=18132, stack(0x0000002d2c200000,0x0000002d2c300000)]
  0x0000015b7bf77000 JavaThread "Execution worker for ':' Thread 2" [_thread_in_Java, id=11360, stack(0x0000002d2c300000,0x0000002d2c400000)]
  0x0000015b7bf78000 JavaThread "Execution worker for ':' Thread 3" [_thread_blocked, id=1508, stack(0x0000002d2c400000,0x0000002d2c500000)]
  0x0000015b7bf78800 JavaThread "Cache worker for execution history cache (D:\crud\.gradle\7.4\executionHistory)" [_thread_blocked, id=13328, stack(0x0000002d2c500000,0x0000002d2c600000)]

Other Threads:
  0x0000015b753c4800 VMThread "VM Thread" [stack: 0x0000002d26c00000,0x0000002d26d00000] [id=5260]
  0x0000015b75ecb000 WatcherThread [stack: 0x0000002d27600000,0x0000002d27700000] [id=10844]
  0x0000015b597ab000 GCTaskThread "GC Thread#0" [stack: 0x0000002d26700000,0x0000002d26800000] [id=18128]
  0x0000015b76ad3800 GCTaskThread "GC Thread#1" [stack: 0x0000002d27700000,0x0000002d27800000] [id=628]
  0x0000015b7650e800 GCTaskThread "GC Thread#2" [stack: 0x0000002d28200000,0x0000002d28300000] [id=11480]
  0x0000015b7650b800 GCTaskThread "GC Thread#3" [stack: 0x0000002d28300000,0x0000002d28400000] [id=9816]
  0x0000015b5b826000 ConcurrentGCThread "G1 Main Marker" [stack: 0x0000002d26800000,0x0000002d26900000] [id=9844]
  0x0000015b5b827000 ConcurrentGCThread "G1 Conc#0" [stack: 0x0000002d26900000,0x0000002d26a00000] [id=4792]
  0x0000015b5b89d000 ConcurrentGCThread "G1 Refine#0" [stack: 0x0000002d26a00000,0x0000002d26b00000] [id=2848]
  0x0000015b5b89e800 ConcurrentGCThread "G1 Young RemSet Sampling" [stack: 0x0000002d26b00000,0x0000002d26c00000] [id=16736]

Threads with active compile tasks:
C2 CompilerThread0  31448 9734   !   4       java.util.concurrent.ConcurrentHashMap::computeIfAbsent (576 bytes)

VM state:not at safepoint (normal execution)

VM Mutex/Monitor currently owned by a thread: None

Heap address: 0x0000000080000000, size: 2048 MB, Compressed Oops mode: 32-bit
Narrow klass base: 0x0000000000000000, Narrow klass shift: 3
Compressed class space size: 1073741824 Address: 0x0000000100000000

Heap:
 garbage-first heap   total 206848K, used 97050K [0x0000000080000000, 0x0000000100000000)
  region size 1024K, 25 young (25600K), 5 survivors (5120K)
 Metaspace       used 86041K, capacity 88172K, committed 88412K, reserved 1126400K
  class space    used 11026K, capacity 11802K, committed 11808K, reserved 1048576K
Heap Regions: E=young(eden), S=young(survivor), O=old, HS=humongous(starts), HC=humongous(continues), CS=collection set, F=free, A=archive, TAMS=top-at-mark-start (previous, next)
|   0|0x0000000080000000, 0x0000000080100000, 0x0000000080100000|100%|HS|  |TAMS 0x0000000080100000, 0x0000000080000000| Complete 
|   1|0x0000000080100000, 0x0000000080200000, 0x0000000080200000|100%|HC|  |TAMS 0x0000000080200000, 0x0000000080100000| Complete 
|   2|0x0000000080200000, 0x0000000080300000, 0x0000000080300000|100%|HC|  |TAMS 0x0000000080300000, 0x0000000080200000| Complete 
|   3|0x0000000080300000, 0x0000000080400000, 0x0000000080400000|100%| O|  |TAMS 0x0000000080400000, 0x0000000080300000| Untracked 
|   4|0x0000000080400000, 0x0000000080500000, 0x0000000080500000|100%| O|  |TAMS 0x0000000080500000, 0x0000000080400000| Untracked 
|   5|0x0000000080500000, 0x0000000080600000, 0x0000000080600000|100%| O|  |TAMS 0x0000000080600000, 0x0000000080500000| Untracked 
|   6|0x0000000080600000, 0x0000000080700000, 0x0000000080700000|100%| O|  |TAMS 0x0000000080700000, 0x0000000080600000| Untracked 
|   7|0x0000000080700000, 0x0000000080800000, 0x0000000080800000|100%| O|  |TAMS 0x0000000080800000, 0x0000000080700000| Untracked 
|   8|0x0000000080800000, 0x0000000080900000, 0x0000000080900000|100%| O|  |TAMS 0x0000000080900000, 0x0000000080800000| Untracked 
|   9|0x0000000080900000, 0x0000000080a00000, 0x0000000080a00000|100%| O|  |TAMS 0x0000000080a00000, 0x0000000080900000| Untracked 
|  10|0x0000000080a00000, 0x0000000080b00000, 0x0000000080b00000|100%| O|  |TAMS 0x0000000080b00000, 0x0000000080a00000| Untracked 
|  11|0x0000000080b00000, 0x0000000080c00000, 0x0000000080c00000|100%| O|  |TAMS 0x0000000080c00000, 0x0000000080b00000| Untracked 
|  12|0x0000000080c00000, 0x0000000080d00000, 0x0000000080d00000|100%| O|  |TAMS 0x0000000080d00000, 0x0000000080c00000| Untracked 
|  13|0x0000000080d00000, 0x0000000080e00000, 0x0000000080e00000|100%| O|  |TAMS 0x0000000080e00000, 0x0000000080d00000| Untracked 
|  14|0x0000000080e00000, 0x0000000080f00000, 0x0000000080f00000|100%| O|  |TAMS 0x0000000080f00000, 0x0000000080e00000| Untracked 
|  15|0x0000000080f00000, 0x0000000081000000, 0x0000000081000000|100%| O|  |TAMS 0x0000000081000000, 0x0000000080f00000| Untracked 
|  16|0x0000000081000000, 0x0000000081100000, 0x0000000081100000|100%| O|  |TAMS 0x0000000081100000, 0x0000000081000000| Untracked 
|  17|0x0000000081100000, 0x0000000081200000, 0x0000000081200000|100%|HS|  |TAMS 0x0000000081200000, 0x0000000081100000| Complete 
|  18|0x0000000081200000, 0x0000000081300000, 0x0000000081300000|100%| O|  |TAMS 0x0000000081300000, 0x0000000081200000| Untracked 
|  19|0x0000000081300000, 0x0000000081400000, 0x0000000081400000|100%| O|  |TAMS 0x0000000081400000, 0x0000000081300000| Untracked 
|  20|0x0000000081400000, 0x0000000081500000, 0x0000000081500000|100%| O|  |TAMS 0x0000000081500000, 0x0000000081400000| Untracked 
|  21|0x0000000081500000, 0x0000000081600000, 0x0000000081600000|100%| O|  |TAMS 0x0000000081600000, 0x0000000081500000| Untracked 
|  22|0x0000000081600000, 0x0000000081700000, 0x0000000081700000|100%| O|  |TAMS 0x0000000081700000, 0x0000000081600000| Untracked 
|  23|0x0000000081700000, 0x0000000081800000, 0x0000000081800000|100%|HS|  |TAMS 0x0000000081800000, 0x0000000081700000| Complete 
|  24|0x0000000081800000, 0x0000000081900000, 0x0000000081900000|100%| O|  |TAMS 0x0000000081900000, 0x0000000081800000| Untracked 
|  25|0x0000000081900000, 0x0000000081a00000, 0x0000000081a00000|100%| O|  |TAMS 0x0000000081a00000, 0x0000000081900000| Untracked 
|  26|0x0000000081a00000, 0x0000000081b00000, 0x0000000081b00000|100%| O|  |TAMS 0x0000000081b00000, 0x0000000081a00000| Untracked 
|  27|0x0000000081b00000, 0x0000000081c00000, 0x0000000081c00000|100%| O|  |TAMS 0x0000000081c00000, 0x0000000081b00000| Untracked 
|  28|0x0000000081c00000, 0x0000000081d00000, 0x0000000081d00000|100%| O|  |TAMS 0x0000000081d00000, 0x0000000081c00000| Untracked 
|  29|0x0000000081d00000, 0x0000000081e00000, 0x0000000081e00000|100%|HS|  |TAMS 0x0000000081e00000, 0x0000000081d00000| Complete 
|  30|0x0000000081e00000, 0x0000000081f00000, 0x0000000081f00000|100%|HC|  |TAMS 0x0000000081f00000, 0x0000000081e00000| Complete 
|  31|0x0000000081f00000, 0x0000000082000000, 0x0000000082000000|100%| O|  |TAMS 0x0000000082000000, 0x0000000081f00000| Untracked 
|  32|0x0000000082000000, 0x0000000082100000, 0x0000000082100000|100%| O|  |TAMS 0x0000000082100000, 0x0000000082000000| Untracked 
|  33|0x0000000082100000, 0x0000000082200000, 0x0000000082200000|100%| O|  |TAMS 0x0000000082200000, 0x0000000082100000| Untracked 
|  34|0x0000000082200000, 0x0000000082300000, 0x0000000082300000|100%| O|  |TAMS 0x0000000082300000, 0x0000000082200000| Untracked 
|  35|0x0000000082300000, 0x0000000082400000, 0x0000000082400000|100%| O|  |TAMS 0x0000000082400000, 0x0000000082300000| Untracked 
|  36|0x0000000082400000, 0x0000000082500000, 0x0000000082500000|100%| O|  |TAMS 0x0000000082500000, 0x0000000082400000| Untracked 
|  37|0x0000000082500000, 0x0000000082600000, 0x0000000082600000|100%| O|  |TAMS 0x0000000082600000, 0x0000000082500000| Untracked 
|  38|0x0000000082600000, 0x0000000082700000, 0x0000000082700000|100%| O|  |TAMS 0x0000000082700000, 0x0000000082600000| Untracked 
|  39|0x0000000082700000, 0x0000000082800000, 0x0000000082800000|100%| O|  |TAMS 0x0000000082800000, 0x0000000082700000| Untracked 
|  40|0x0000000082800000, 0x0000000082900000, 0x0000000082900000|100%| O|  |TAMS 0x0000000082900000, 0x0000000082800000| Untracked 
|  41|0x0000000082900000, 0x0000000082a00000, 0x0000000082a00000|100%| O|  |TAMS 0x0000000082a00000, 0x0000000082900000| Untracked 
|  42|0x0000000082a00000, 0x0000000082b00000, 0x0000000082b00000|100%| O|  |TAMS 0x0000000082b00000, 0x0000000082a00000| Untracked 
|  43|0x0000000082b00000, 0x0000000082c00000, 0x0000000082c00000|100%| O|  |TAMS 0x0000000082bdee00, 0x0000000082b00000| Untracked 
|  44|0x0000000082c00000, 0x0000000082d00000, 0x0000000082d00000|100%| O|  |TAMS 0x0000000082c00000, 0x0000000082c00000| Untracked 
|  45|0x0000000082d00000, 0x0000000082e00000, 0x0000000082e00000|100%| O|  |TAMS 0x0000000082d00000, 0x0000000082d00000| Untracked 
|  46|0x0000000082e00000, 0x0000000082f00000, 0x0000000082f00000|100%| O|  |TAMS 0x0000000082e00000, 0x0000000082e00000| Untracked 
|  47|0x0000000082f00000, 0x0000000083000000, 0x0000000083000000|100%| O|  |TAMS 0x0000000082f00000, 0x0000000082f00000| Untracked 
|  48|0x0000000083000000, 0x0000000083100000, 0x0000000083100000|100%| O|  |TAMS 0x0000000083000000, 0x0000000083000000| Untracked 
|  49|0x0000000083100000, 0x0000000083200000, 0x0000000083200000|100%| O|  |TAMS 0x0000000083100000, 0x0000000083100000| Untracked 
|  50|0x0000000083200000, 0x0000000083300000, 0x0000000083300000|100%| O|  |TAMS 0x0000000083200000, 0x0000000083200000| Untracked 
|  51|0x0000000083300000, 0x0000000083400000, 0x0000000083400000|100%| O|  |TAMS 0x0000000083300000, 0x0000000083300000| Untracked 
|  52|0x0000000083400000, 0x0000000083500000, 0x0000000083500000|100%| O|  |TAMS 0x0000000083400000, 0x0000000083400000| Untracked 
|  53|0x0000000083500000, 0x0000000083600000, 0x0000000083600000|100%| O|  |TAMS 0x0000000083500000, 0x0000000083500000| Untracked 
|  54|0x0000000083600000, 0x0000000083700000, 0x0000000083700000|100%| O|  |TAMS 0x0000000083600000, 0x0000000083600000| Untracked 
|  55|0x0000000083700000, 0x0000000083800000, 0x0000000083800000|100%| O|  |TAMS 0x0000000083700000, 0x0000000083700000| Untracked 
|  56|0x0000000083800000, 0x0000000083900000, 0x0000000083900000|100%| O|  |TAMS 0x0000000083800000, 0x0000000083800000| Untracked 
|  57|0x0000000083900000, 0x0000000083a00000, 0x0000000083a00000|100%| O|  |TAMS 0x0000000083900000, 0x0000000083900000| Untracked 
|  58|0x0000000083a00000, 0x0000000083b00000, 0x0000000083b00000|100%| O|  |TAMS 0x0000000083a00000, 0x0000000083a00000| Untracked 
|  59|0x0000000083b00000, 0x0000000083c00000, 0x0000000083c00000|100%| O|  |TAMS 0x0000000083b00000, 0x0000000083b00000| Untracked 
|  60|0x0000000083c00000, 0x0000000083d00000, 0x0000000083d00000|100%| O|  |TAMS 0x0000000083c00000, 0x0000000083c00000| Untracked 
|  61|0x0000000083d00000, 0x0000000083e00000, 0x0000000083e00000|100%| O|  |TAMS 0x0000000083d00000, 0x0000000083d00000| Untracked 
|  62|0x0000000083e00000, 0x0000000083f00000, 0x0000000083f00000|100%| O|  |TAMS 0x0000000083e00000, 0x0000000083e00000| Untracked 
|  63|0x0000000083f00000, 0x0000000084000000, 0x0000000084000000|100%| O|  |TAMS 0x0000000083f00000, 0x0000000083f00000| Untracked 
|  64|0x0000000084000000, 0x0000000084100000, 0x0000000084100000|100%| O|  |TAMS 0x0000000084000000, 0x0000000084000000| Untracked 
|  65|0x0000000084100000, 0x0000000084200000, 0x0000000084200000|100%| O|  |TAMS 0x0000000084100000, 0x0000000084100000| Untracked 
|  66|0x0000000084200000, 0x0000000084300000, 0x0000000084300000|100%| O|  |TAMS 0x0000000084200000, 0x0000000084200000| Untracked 
|  67|0x0000000084300000, 0x0000000084400000, 0x0000000084400000|100%| O|  |TAMS 0x0000000084300000, 0x0000000084300000| Untracked 
|  68|0x0000000084400000, 0x0000000084500000, 0x0000000084500000|100%| O|  |TAMS 0x0000000084400000, 0x0000000084400000| Untracked 
|  69|0x0000000084500000, 0x0000000084600000, 0x0000000084600000|100%| O|  |TAMS 0x0000000084500000, 0x0000000084500000| Untracked 
|  70|0x0000000084600000, 0x00000000846eaa00, 0x0000000084700000| 91%| O|  |TAMS 0x0000000084600000, 0x0000000084600000| Untracked 
|  71|0x0000000084700000, 0x0000000084700000, 0x0000000084800000|  0%| F|  |TAMS 0x0000000084700000, 0x0000000084700000| Untracked 
|  72|0x0000000084800000, 0x0000000084800000, 0x0000000084900000|  0%| F|  |TAMS 0x0000000084800000, 0x0000000084800000| Untracked 
|  73|0x0000000084900000, 0x0000000084900000, 0x0000000084a00000|  0%| F|  |TAMS 0x0000000084900000, 0x0000000084900000| Untracked 
|  74|0x0000000084a00000, 0x0000000084a00000, 0x0000000084b00000|  0%| F|  |TAMS 0x0000000084a00000, 0x0000000084a00000| Untracked 
|  75|0x0000000084b00000, 0x0000000084b00000, 0x0000000084c00000|  0%| F|  |TAMS 0x0000000084b00000, 0x0000000084b00000| Untracked 
|  76|0x0000000084c00000, 0x0000000084c00000, 0x0000000084d00000|  0%| F|  |TAMS 0x0000000084c00000, 0x0000000084c00000| Untracked 
|  77|0x0000000084d00000, 0x0000000084d00000, 0x0000000084e00000|  0%| F|  |TAMS 0x0000000084d00000, 0x0000000084d00000| Untracked 
|  78|0x0000000084e00000, 0x0000000084e00000, 0x0000000084f00000|  0%| F|  |TAMS 0x0000000084e00000, 0x0000000084e00000| Untracked 
|  79|0x0000000084f00000, 0x0000000084f00000, 0x0000000085000000|  0%| F|  |TAMS 0x0000000084f00000, 0x0000000084f00000| Untracked 
|  80|0x0000000085000000, 0x0000000085000000, 0x0000000085100000|  0%| F|  |TAMS 0x0000000085000000, 0x0000000085000000| Untracked 
|  81|0x0000000085100000, 0x0000000085100000, 0x0000000085200000|  0%| F|  |TAMS 0x0000000085100000, 0x0000000085100000| Untracked 
|  82|0x0000000085200000, 0x0000000085200000, 0x0000000085300000|  0%| F|  |TAMS 0x0000000085200000, 0x0000000085200000| Untracked 
|  83|0x0000000085300000, 0x0000000085300000, 0x0000000085400000|  0%| F|  |TAMS 0x0000000085300000, 0x0000000085300000| Untracked 
|  84|0x0000000085400000, 0x0000000085400000, 0x0000000085500000|  0%| F|  |TAMS 0x0000000085400000, 0x0000000085400000| Untracked 
|  85|0x0000000085500000, 0x0000000085500000, 0x0000000085600000|  0%| F|  |TAMS 0x0000000085500000, 0x0000000085500000| Untracked 
|  86|0x0000000085600000, 0x0000000085600000, 0x0000000085700000|  0%| F|  |TAMS 0x0000000085600000, 0x0000000085600000| Untracked 
|  87|0x0000000085700000, 0x0000000085700000, 0x0000000085800000|  0%| F|  |TAMS 0x0000000085700000, 0x0000000085700000| Untracked 
|  88|0x0000000085800000, 0x0000000085800000, 0x0000000085900000|  0%| F|  |TAMS 0x0000000085800000, 0x0000000085800000| Untracked 
|  89|0x0000000085900000, 0x0000000085900000, 0x0000000085a00000|  0%| F|  |TAMS 0x0000000085900000, 0x0000000085900000| Untracked 
|  90|0x0000000085a00000, 0x0000000085a00000, 0x0000000085b00000|  0%| F|  |TAMS 0x0000000085a00000, 0x0000000085a00000| Untracked 
|  91|0x0000000085b00000, 0x0000000085b00000, 0x0000000085c00000|  0%| F|  |TAMS 0x0000000085b00000, 0x0000000085b00000| Untracked 
|  92|0x0000000085c00000, 0x0000000085c00000, 0x0000000085d00000|  0%| F|  |TAMS 0x0000000085c00000, 0x0000000085c00000| Untracked 
|  93|0x0000000085d00000, 0x0000000085d00000, 0x0000000085e00000|  0%| F|  |TAMS 0x0000000085d00000, 0x0000000085d00000| Untracked 
|  94|0x0000000085e00000, 0x0000000085e00000, 0x0000000085f00000|  0%| F|  |TAMS 0x0000000085e00000, 0x0000000085e00000| Untracked 
|  95|0x0000000085f00000, 0x0000000085f00000, 0x0000000086000000|  0%| F|  |TAMS 0x0000000085f00000, 0x0000000085f00000| Untracked 
|  96|0x0000000086000000, 0x0000000086000000, 0x0000000086100000|  0%| F|  |TAMS 0x0000000086000000, 0x0000000086000000| Untracked 
|  97|0x0000000086100000, 0x0000000086100000, 0x0000000086200000|  0%| F|  |TAMS 0x0000000086100000, 0x0000000086100000| Untracked 
|  98|0x0000000086200000, 0x0000000086200000, 0x0000000086300000|  0%| F|  |TAMS 0x0000000086200000, 0x0000000086200000| Untracked 
|  99|0x0000000086300000, 0x0000000086300000, 0x0000000086400000|  0%| F|  |TAMS 0x0000000086300000, 0x0000000086300000| Untracked 
| 100|0x0000000086400000, 0x0000000086400000, 0x0000000086500000|  0%| F|  |TAMS 0x0000000086400000, 0x0000000086400000| Untracked 
| 101|0x0000000086500000, 0x0000000086500000, 0x0000000086600000|  0%| F|  |TAMS 0x0000000086500000, 0x0000000086500000| Untracked 
| 102|0x0000000086600000, 0x0000000086600000, 0x0000000086700000|  0%| F|  |TAMS 0x0000000086600000, 0x0000000086600000| Untracked 
| 103|0x0000000086700000, 0x0000000086700000, 0x0000000086800000|  0%| F|  |TAMS 0x0000000086700000, 0x0000000086700000| Untracked 
| 104|0x0000000086800000, 0x0000000086800000, 0x0000000086900000|  0%| F|  |TAMS 0x0000000086800000, 0x0000000086800000| Untracked 
| 105|0x0000000086900000, 0x0000000086900000, 0x0000000086a00000|  0%| F|  |TAMS 0x0000000086900000, 0x0000000086900000| Untracked 
| 106|0x0000000086a00000, 0x0000000086adbfd0, 0x0000000086b00000| 85%| S|CS|TAMS 0x0000000086a00000, 0x0000000086a00000| Complete 
| 107|0x0000000086b00000, 0x0000000086c00000, 0x0000000086c00000|100%| S|CS|TAMS 0x0000000086b00000, 0x0000000086b00000| Complete 
| 108|0x0000000086c00000, 0x0000000086d00000, 0x0000000086d00000|100%| S|CS|TAMS 0x0000000086c00000, 0x0000000086c00000| Complete 
| 109|0x0000000086d00000, 0x0000000086e00000, 0x0000000086e00000|100%| S|CS|TAMS 0x0000000086d00000, 0x0000000086d00000| Complete 
| 110|0x0000000086e00000, 0x0000000086f00000, 0x0000000086f00000|100%| S|CS|TAMS 0x0000000086e00000, 0x0000000086e00000| Complete 
| 111|0x0000000086f00000, 0x0000000086f00000, 0x0000000087000000|  0%| F|  |TAMS 0x0000000086f00000, 0x0000000086f00000| Untracked 
| 112|0x0000000087000000, 0x0000000087000000, 0x0000000087100000|  0%| F|  |TAMS 0x0000000087000000, 0x0000000087000000| Untracked 
| 113|0x0000000087100000, 0x0000000087100000, 0x0000000087200000|  0%| F|  |TAMS 0x0000000087100000, 0x0000000087100000| Untracked 
| 114|0x0000000087200000, 0x0000000087200000, 0x0000000087300000|  0%| F|  |TAMS 0x0000000087200000, 0x0000000087200000| Untracked 
| 115|0x0000000087300000, 0x0000000087300000, 0x0000000087400000|  0%| F|  |TAMS 0x0000000087300000, 0x0000000087300000| Untracked 
| 116|0x0000000087400000, 0x0000000087400000, 0x0000000087500000|  0%| F|  |TAMS 0x0000000087400000, 0x0000000087400000| Untracked 
| 117|0x0000000087500000, 0x0000000087500000, 0x0000000087600000|  0%| F|  |TAMS 0x0000000087500000, 0x0000000087500000| Untracked 
| 118|0x0000000087600000, 0x0000000087600000, 0x0000000087700000|  0%| F|  |TAMS 0x0000000087600000, 0x0000000087600000| Untracked 
| 119|0x0000000087700000, 0x0000000087700000, 0x0000000087800000|  0%| F|  |TAMS 0x0000000087700000, 0x0000000087700000| Untracked 
| 120|0x0000000087800000, 0x0000000087800000, 0x0000000087900000|  0%| F|  |TAMS 0x0000000087800000, 0x0000000087800000| Untracked 
| 121|0x0000000087900000, 0x0000000087900000, 0x0000000087a00000|  0%| F|  |TAMS 0x0000000087900000, 0x0000000087900000| Untracked 
| 122|0x0000000087a00000, 0x0000000087a00000, 0x0000000087b00000|  0%| F|  |TAMS 0x0000000087a00000, 0x0000000087a00000| Untracked 
| 123|0x0000000087b00000, 0x0000000087b00000, 0x0000000087c00000|  0%| F|  |TAMS 0x0000000087b00000, 0x0000000087b00000| Untracked 
| 124|0x0000000087c00000, 0x0000000087c00000, 0x0000000087d00000|  0%| F|  |TAMS 0x0000000087c00000, 0x0000000087c00000| Untracked 
| 125|0x0000000087d00000, 0x0000000087d00000, 0x0000000087e00000|  0%| F|  |TAMS 0x0000000087d00000, 0x0000000087d00000| Untracked 
| 126|0x0000000087e00000, 0x0000000087e00000, 0x0000000087f00000|  0%| F|  |TAMS 0x0000000087e00000, 0x0000000087e00000| Untracked 
| 127|0x0000000087f00000, 0x0000000087f00000, 0x0000000088000000|  0%| F|  |TAMS 0x0000000087f00000, 0x0000000087f00000| Untracked 
| 128|0x0000000088000000, 0x0000000088000000, 0x0000000088100000|  0%| F|  |TAMS 0x0000000088000000, 0x0000000088000000| Untracked 
| 129|0x0000000088100000, 0x0000000088100000, 0x0000000088200000|  0%| F|  |TAMS 0x0000000088100000, 0x0000000088100000| Untracked 
| 130|0x0000000088200000, 0x0000000088200000, 0x0000000088300000|  0%| F|  |TAMS 0x0000000088200000, 0x0000000088200000| Untracked 
| 131|0x0000000088300000, 0x0000000088300000, 0x0000000088400000|  0%| F|  |TAMS 0x0000000088300000, 0x0000000088300000| Untracked 
| 132|0x0000000088400000, 0x0000000088400000, 0x0000000088500000|  0%| F|  |TAMS 0x0000000088400000, 0x0000000088400000| Untracked 
| 133|0x0000000088500000, 0x0000000088500000, 0x0000000088600000|  0%| F|  |TAMS 0x0000000088500000, 0x0000000088500000| Untracked 
| 134|0x0000000088600000, 0x0000000088600000, 0x0000000088700000|  0%| F|  |TAMS 0x0000000088600000, 0x0000000088600000| Untracked 
| 135|0x0000000088700000, 0x0000000088700000, 0x0000000088800000|  0%| F|  |TAMS 0x0000000088700000, 0x0000000088700000| Untracked 
| 136|0x0000000088800000, 0x0000000088800000, 0x0000000088900000|  0%| F|  |TAMS 0x0000000088800000, 0x0000000088800000| Untracked 
| 137|0x0000000088900000, 0x0000000088900000, 0x0000000088a00000|  0%| F|  |TAMS 0x0000000088900000, 0x0000000088900000| Untracked 
| 138|0x0000000088a00000, 0x0000000088a00000, 0x0000000088b00000|  0%| F|  |TAMS 0x0000000088a00000, 0x0000000088a00000| Untracked 
| 139|0x0000000088b00000, 0x0000000088b00000, 0x0000000088c00000|  0%| F|  |TAMS 0x0000000088b00000, 0x0000000088b00000| Untracked 
| 140|0x0000000088c00000, 0x0000000088c00000, 0x0000000088d00000|  0%| F|  |TAMS 0x0000000088c00000, 0x0000000088c00000| Untracked 
| 141|0x0000000088d00000, 0x0000000088d00000, 0x0000000088e00000|  0%| F|  |TAMS 0x0000000088d00000, 0x0000000088d00000| Untracked 
| 142|0x0000000088e00000, 0x0000000088e00000, 0x0000000088f00000|  0%| F|  |TAMS 0x0000000088e00000, 0x0000000088e00000| Untracked 
| 143|0x0000000088f00000, 0x0000000088f00000, 0x0000000089000000|  0%| F|  |TAMS 0x0000000088f00000, 0x0000000088f00000| Untracked 
| 144|0x0000000089000000, 0x0000000089000000, 0x0000000089100000|  0%| F|  |TAMS 0x0000000089000000, 0x0000000089000000| Untracked 
| 145|0x0000000089100000, 0x0000000089100000, 0x0000000089200000|  0%| F|  |TAMS 0x0000000089100000, 0x0000000089100000| Untracked 
| 146|0x0000000089200000, 0x0000000089200000, 0x0000000089300000|  0%| F|  |TAMS 0x0000000089200000, 0x0000000089200000| Untracked 
| 147|0x0000000089300000, 0x0000000089300000, 0x0000000089400000|  0%| F|  |TAMS 0x0000000089300000, 0x0000000089300000| Untracked 
| 148|0x0000000089400000, 0x0000000089400000, 0x0000000089500000|  0%| F|  |TAMS 0x0000000089400000, 0x0000000089400000| Untracked 
| 149|0x0000000089500000, 0x0000000089500000, 0x0000000089600000|  0%| F|  |TAMS 0x0000000089500000, 0x0000000089500000| Untracked 
| 150|0x0000000089600000, 0x0000000089600000, 0x0000000089700000|  0%| F|  |TAMS 0x0000000089600000, 0x0000000089600000| Untracked 
| 151|0x0000000089700000, 0x0000000089700000, 0x0000000089800000|  0%| F|  |TAMS 0x0000000089700000, 0x0000000089700000| Untracked 
| 152|0x0000000089800000, 0x0000000089800000, 0x0000000089900000|  0%| F|  |TAMS 0x0000000089800000, 0x0000000089800000| Untracked 
| 153|0x0000000089900000, 0x0000000089900000, 0x0000000089a00000|  0%| F|  |TAMS 0x0000000089900000, 0x0000000089900000| Untracked 
| 154|0x0000000089a00000, 0x0000000089a00000, 0x0000000089b00000|  0%| F|  |TAMS 0x0000000089a00000, 0x0000000089a00000| Untracked 
| 155|0x0000000089b00000, 0x0000000089b00000, 0x0000000089c00000|  0%| F|  |TAMS 0x0000000089b00000, 0x0000000089b00000| Untracked 
| 156|0x0000000089c00000, 0x0000000089c00000, 0x0000000089d00000|  0%| F|  |TAMS 0x0000000089c00000, 0x0000000089c00000| Untracked 
| 157|0x0000000089d00000, 0x0000000089d00000, 0x0000000089e00000|  0%| F|  |TAMS 0x0000000089d00000, 0x0000000089d00000| Untracked 
| 158|0x0000000089e00000, 0x0000000089e00000, 0x0000000089f00000|  0%| F|  |TAMS 0x0000000089e00000, 0x0000000089e00000| Untracked 
| 159|0x0000000089f00000, 0x0000000089f00000, 0x000000008a000000|  0%| F|  |TAMS 0x0000000089f00000, 0x0000000089f00000| Untracked 
| 160|0x000000008a000000, 0x000000008a000000, 0x000000008a100000|  0%| F|  |TAMS 0x000000008a000000, 0x000000008a000000| Untracked 
| 161|0x000000008a100000, 0x000000008a100000, 0x000000008a200000|  0%| F|  |TAMS 0x000000008a100000, 0x000000008a100000| Untracked 
| 162|0x000000008a200000, 0x000000008a200000, 0x000000008a300000|  0%| F|  |TAMS 0x000000008a200000, 0x000000008a200000| Untracked 
| 163|0x000000008a300000, 0x000000008a300000, 0x000000008a400000|  0%| F|  |TAMS 0x000000008a300000, 0x000000008a300000| Untracked 
| 164|0x000000008a400000, 0x000000008a400000, 0x000000008a500000|  0%| F|  |TAMS 0x000000008a400000, 0x000000008a400000| Untracked 
| 165|0x000000008a500000, 0x000000008a500000, 0x000000008a600000|  0%| F|  |TAMS 0x000000008a500000, 0x000000008a500000| Untracked 
| 166|0x000000008a600000, 0x000000008a600000, 0x000000008a700000|  0%| F|  |TAMS 0x000000008a600000, 0x000000008a600000| Untracked 
| 167|0x000000008a700000, 0x000000008a700000, 0x000000008a800000|  0%| F|  |TAMS 0x000000008a700000, 0x000000008a700000| Untracked 
| 168|0x000000008a800000, 0x000000008a800000, 0x000000008a900000|  0%| F|  |TAMS 0x000000008a800000, 0x000000008a800000| Untracked 
| 169|0x000000008a900000, 0x000000008a900000, 0x000000008aa00000|  0%| F|  |TAMS 0x000000008a900000, 0x000000008a900000| Untracked 
| 170|0x000000008aa00000, 0x000000008aa00000, 0x000000008ab00000|  0%| F|  |TAMS 0x000000008aa00000, 0x000000008aa00000| Untracked 
| 171|0x000000008ab00000, 0x000000008ab00000, 0x000000008ac00000|  0%| F|  |TAMS 0x000000008ab00000, 0x000000008ab00000| Untracked 
| 172|0x000000008ac00000, 0x000000008ac00000, 0x000000008ad00000|  0%| F|  |TAMS 0x000000008ac00000, 0x000000008ac00000| Untracked 
| 173|0x000000008ad00000, 0x000000008ad00000, 0x000000008ae00000|  0%| F|  |TAMS 0x000000008ad00000, 0x000000008ad00000| Untracked 
| 174|0x000000008ae00000, 0x000000008ae00000, 0x000000008af00000|  0%| F|  |TAMS 0x000000008ae00000, 0x000000008ae00000| Untracked 
| 175|0x000000008af00000, 0x000000008af00000, 0x000000008b000000|  0%| F|  |TAMS 0x000000008af00000, 0x000000008af00000| Untracked 
| 176|0x000000008b000000, 0x000000008b000000, 0x000000008b100000|  0%| F|  |TAMS 0x000000008b000000, 0x000000008b000000| Untracked 
| 177|0x000000008b100000, 0x000000008b100000, 0x000000008b200000|  0%| F|  |TAMS 0x000000008b100000, 0x000000008b100000| Untracked 
| 178|0x000000008b200000, 0x000000008b200000, 0x000000008b300000|  0%| F|  |TAMS 0x000000008b200000, 0x000000008b200000| Untracked 
| 179|0x000000008b300000, 0x000000008b300000, 0x000000008b400000|  0%| F|  |TAMS 0x000000008b300000, 0x000000008b300000| Untracked 
| 180|0x000000008b400000, 0x000000008b400000, 0x000000008b500000|  0%| F|  |TAMS 0x000000008b400000, 0x000000008b400000| Untracked 
| 181|0x000000008b500000, 0x000000008b500000, 0x000000008b600000|  0%| F|  |TAMS 0x000000008b500000, 0x000000008b500000| Untracked 
| 182|0x000000008b600000, 0x000000008b660948, 0x000000008b700000| 37%| E|  |TAMS 0x000000008b600000, 0x000000008b600000| Complete 
| 183|0x000000008b700000, 0x000000008b800000, 0x000000008b800000|100%| E|CS|TAMS 0x000000008b700000, 0x000000008b700000| Complete 
| 184|0x000000008b800000, 0x000000008b900000, 0x000000008b900000|100%| E|CS|TAMS 0x000000008b800000, 0x000000008b800000| Complete 
| 185|0x000000008b900000, 0x000000008ba00000, 0x000000008ba00000|100%| E|CS|TAMS 0x000000008b900000, 0x000000008b900000| Complete 
| 186|0x000000008ba00000, 0x000000008bb00000, 0x000000008bb00000|100%| E|CS|TAMS 0x000000008ba00000, 0x000000008ba00000| Complete 
| 187|0x000000008bb00000, 0x000000008bc00000, 0x000000008bc00000|100%| E|CS|TAMS 0x000000008bb00000, 0x000000008bb00000| Complete 
| 188|0x000000008bc00000, 0x000000008bd00000, 0x000000008bd00000|100%| E|CS|TAMS 0x000000008bc00000, 0x000000008bc00000| Complete 
| 189|0x000000008bd00000, 0x000000008be00000, 0x000000008be00000|100%| E|CS|TAMS 0x000000008bd00000, 0x000000008bd00000| Complete 
| 190|0x000000008be00000, 0x000000008bf00000, 0x000000008bf00000|100%| E|CS|TAMS 0x000000008be00000, 0x000000008be00000| Complete 
| 191|0x000000008bf00000, 0x000000008c000000, 0x000000008c000000|100%| E|CS|TAMS 0x000000008bf00000, 0x000000008bf00000| Complete 
| 192|0x000000008c000000, 0x000000008c100000, 0x000000008c100000|100%| E|CS|TAMS 0x000000008c000000, 0x000000008c000000| Complete 
| 193|0x000000008c100000, 0x000000008c200000, 0x000000008c200000|100%| E|CS|TAMS 0x000000008c100000, 0x000000008c100000| Complete 
| 194|0x000000008c200000, 0x000000008c300000, 0x000000008c300000|100%| E|CS|TAMS 0x000000008c200000, 0x000000008c200000| Complete 
| 195|0x000000008c300000, 0x000000008c400000, 0x000000008c400000|100%| E|CS|TAMS 0x000000008c300000, 0x000000008c300000| Complete 
| 196|0x000000008c400000, 0x000000008c500000, 0x000000008c500000|100%| E|CS|TAMS 0x000000008c400000, 0x000000008c400000| Complete 
| 197|0x000000008c500000, 0x000000008c600000, 0x000000008c600000|100%| E|CS|TAMS 0x000000008c500000, 0x000000008c500000| Complete 
| 198|0x000000008c600000, 0x000000008c700000, 0x000000008c700000|100%| E|CS|TAMS 0x000000008c600000, 0x000000008c600000| Complete 
| 199|0x000000008c700000, 0x000000008c800000, 0x000000008c800000|100%| E|CS|TAMS 0x000000008c700000, 0x000000008c700000| Complete 
| 200|0x000000008c800000, 0x000000008c900000, 0x000000008c900000|100%| E|CS|TAMS 0x000000008c800000, 0x000000008c800000| Complete 
| 201|0x000000008c900000, 0x000000008ca00000, 0x000000008ca00000|100%| E|CS|TAMS 0x000000008c900000, 0x000000008c900000| Complete 

Card table byte_map: [0x0000015b6e700000,0x0000015b6eb00000] _byte_map_base: 0x0000015b6e300000

Marking Bits (Prev, Next): (CMBitMap*) 0x0000015b5b81d2c8, (CMBitMap*) 0x0000015b5b81d300
 Prev Bits: [0x0000015b6ef00000, 0x0000015b70f00000)
 Next Bits: [0x0000015b70f00000, 0x0000015b72f00000)

Polling page: 0x0000015b59640000

Metaspace:

Usage:
  Non-class:     74.58 MB capacity,    73.27 MB ( 98%) used,     1.08 MB (  1%) free+waste,   240.19 KB ( <1%) overhead. 
      Class:     11.53 MB capacity,    10.77 MB ( 93%) used,   666.70 KB (  6%) free+waste,   109.13 KB ( <1%) overhead. 
       Both:     86.11 MB capacity,    84.04 MB ( 98%) used,     1.73 MB (  2%) free+waste,   349.31 KB ( <1%) overhead. 

Virtual space:
  Non-class space:       76.00 MB reserved,      74.81 MB ( 98%) committed 
      Class space:        1.00 GB reserved,      11.53 MB (  1%) committed 
             Both:        1.07 GB reserved,      86.34 MB (  8%) committed 

Chunk freelists:
   Non-Class:  41.00 KB
       Class:  0 bytes
        Both:  41.00 KB

MaxMetaspaceSize: 17179869184.00 GB
CompressedClassSpaceSize: 1.00 GB
Initial GC threshold: 20.80 MB
Current GC threshold: 107.44 MB
CDS: off

CodeHeap 'non-profiled nmethods': size=120064Kb used=5138Kb max_used=5138Kb free=114925Kb
 bounds [0x0000015b66dc0000, 0x0000015b672d0000, 0x0000015b6e300000]
CodeHeap 'profiled nmethods': size=120000Kb used=20400Kb max_used=20400Kb free=99599Kb
 bounds [0x0000015b5f890000, 0x0000015b60c80000, 0x0000015b66dc0000]
CodeHeap 'non-nmethods': size=5696Kb used=2361Kb max_used=2413Kb free=3334Kb
 bounds [0x0000015b5f300000, 0x0000015b5f570000, 0x0000015b5f890000]
 total_blobs=10584 nmethods=9702 adapters=794
 compilation: enabled
              stopped_count=0, restarted_count=0
 full_count=0

Compilation events (20 events):
Event: 31.379 Thread 0x0000015b753f9000 9781       3       java.nio.file.Path::of (9 bytes)
Event: 31.380 Thread 0x0000015b753f9000 nmethod 9781 0x0000015b60c4bf90 code [0x0000015b60c4c180, 0x0000015b60c4c588]
Event: 31.382 Thread 0x0000015b753f9000 9782   !   3       sun.nio.ch.FileChannelImpl::implCloseChannel (169 bytes)
Event: 31.384 Thread 0x0000015b753f9000 nmethod 9782 0x0000015b60c4c710 code [0x0000015b60c4ca20, 0x0000015b60c4e078]
Event: 31.384 Thread 0x0000015b753f9000 9783  s!   3       sun.nio.ch.NativeThreadSet::signalAndWait (134 bytes)
Event: 31.385 Thread 0x0000015b753f9000 nmethod 9783 0x0000015b60c4e690 code [0x0000015b60c4e8a0, 0x0000015b60c4efb8]
Event: 31.385 Thread 0x0000015b753f9000 9784       3       java.nio.file.Paths::get (6 bytes)
Event: 31.386 Thread 0x0000015b753f9000 nmethod 9784 0x0000015b60c4f210 code [0x0000015b60c4f400, 0x0000015b60c4f868]
Event: 31.386 Thread 0x0000015b753f9000 9785       3       org.gradle.internal.file.FileHierarchySet$Node::isChildOfOrThis (110 bytes)
Event: 31.389 Thread 0x0000015b753f9000 nmethod 9785 0x0000015b60c4fa10 code [0x0000015b60c4fd40, 0x0000015b60c512b8]
Event: 31.390 Thread 0x0000015b753f9000 9786       3       org.gradle.internal.MutableReference::empty (5 bytes)
Event: 31.390 Thread 0x0000015b753f9000 nmethod 9786 0x0000015b60c51b90 code [0x0000015b60c51d60, 0x0000015b60c51fb8]
Event: 31.390 Thread 0x0000015b753f9000 9787       3       org.gradle.internal.MutableReference::of (9 bytes)
Event: 31.391 Thread 0x0000015b753f9000 nmethod 9787 0x0000015b60c52110 code [0x0000015b60c522e0, 0x0000015b60c52538]
Event: 31.391 Thread 0x0000015b753f9000 9788       3       org.gradle.internal.MutableReference::<init> (10 bytes)
Event: 31.391 Thread 0x0000015b753f9000 nmethod 9788 0x0000015b60c52610 code [0x0000015b60c527c0, 0x0000015b60c52978]
Event: 31.391 Thread 0x0000015b753f9000 9789       3       java.util.RegularEnumSet::iterator (9 bytes)
Event: 31.392 Thread 0x0000015b753f9000 nmethod 9789 0x0000015b60c52a10 code [0x0000015b60c52be0, 0x0000015b60c52e58]
Event: 31.393 Thread 0x0000015b753f9000 9790       3       org.gradle.internal.snapshot.impl.ImplementationSnapshot::of (36 bytes)
Event: 31.393 Thread 0x0000015b753f9000 nmethod 9790 0x0000015b60c52f90 code [0x0000015b60c531a0, 0x0000015b60c536d8]

GC Heap History (20 events):
Event: 13.823 GC heap before
{Heap before GC invocations=13 (full 0):
 garbage-first heap   total 143360K, used 107290K [0x0000000080000000, 0x0000000100000000)
  region size 1024K, 81 young (82944K), 7 survivors (7168K)
 Metaspace       used 48913K, capacity 50252K, committed 50384K, reserved 1093632K
  class space    used 6151K, capacity 6624K, committed 6688K, reserved 1048576K
}
Event: 13.841 GC heap after
{Heap after GC invocations=14 (full 0):
 garbage-first heap   total 143360K, used 36647K [0x0000000080000000, 0x0000000100000000)
  region size 1024K, 9 young (9216K), 9 survivors (9216K)
 Metaspace       used 48913K, capacity 50252K, committed 50384K, reserved 1093632K
  class space    used 6151K, capacity 6624K, committed 6688K, reserved 1048576K
}
Event: 15.608 GC heap before
{Heap before GC invocations=14 (full 0):
 garbage-first heap   total 143360K, used 109351K [0x0000000080000000, 0x0000000100000000)
  region size 1024K, 78 young (79872K), 9 survivors (9216K)
 Metaspace       used 57623K, capacity 59108K, committed 59344K, reserved 1101824K
  class space    used 7163K, capacity 7697K, committed 7712K, reserved 1048576K
}
Event: 15.624 GC heap after
{Heap after GC invocations=15 (full 0):
 garbage-first heap   total 143360K, used 44509K [0x0000000080000000, 0x0000000100000000)
  region size 1024K, 10 young (10240K), 10 survivors (10240K)
 Metaspace       used 57623K, capacity 59108K, committed 59344K, reserved 1101824K
  class space    used 7163K, capacity 7697K, committed 7712K, reserved 1048576K
}
Event: 15.912 GC heap before
{Heap before GC invocations=15 (full 0):
 garbage-first heap   total 143360K, used 56797K [0x0000000080000000, 0x0000000100000000)
  region size 1024K, 23 young (23552K), 10 survivors (10240K)
 Metaspace       used 58974K, capacity 60438K, committed 60508K, reserved 1101824K
  class space    used 7364K, capacity 7925K, committed 7968K, reserved 1048576K
}
Event: 15.934 GC heap after
{Heap after GC invocations=16 (full 0):
 garbage-first heap   total 172032K, used 46327K [0x0000000080000000, 0x0000000100000000)
  region size 1024K, 2 young (2048K), 2 survivors (2048K)
 Metaspace       used 58974K, capacity 60438K, committed 60508K, reserved 1101824K
  class space    used 7364K, capacity 7925K, committed 7968K, reserved 1048576K
}
Event: 17.353 GC heap before
{Heap before GC invocations=17 (full 0):
 garbage-first heap   total 172032K, used 106743K [0x0000000080000000, 0x0000000100000000)
  region size 1024K, 55 young (56320K), 2 survivors (2048K)
 Metaspace       used 64107K, capacity 65665K, committed 65756K, reserved 1105920K
  class space    used 7999K, capacity 8551K, committed 8608K, reserved 1048576K
}
Event: 17.366 GC heap after
{Heap after GC invocations=18 (full 0):
 garbage-first heap   total 172032K, used 50484K [0x0000000080000000, 0x0000000100000000)
  region size 1024K, 6 young (6144K), 6 survivors (6144K)
 Metaspace       used 64107K, capacity 65665K, committed 65756K, reserved 1105920K
  class space    used 7999K, capacity 8551K, committed 8608K, reserved 1048576K
}
Event: 19.129 GC heap before
{Heap before GC invocations=19 (full 0):
 garbage-first heap   total 172032K, used 106804K [0x0000000080000000, 0x0000000100000000)
  region size 1024K, 61 young (62464K), 6 survivors (6144K)
 Metaspace       used 66580K, capacity 68069K, committed 68188K, reserved 1107968K
  class space    used 8343K, capacity 8892K, committed 8992K, reserved 1048576K
}
Event: 19.143 GC heap after
{Heap after GC invocations=20 (full 0):
 garbage-first heap   total 172032K, used 54804K [0x0000000080000000, 0x0000000100000000)
  region size 1024K, 5 young (5120K), 5 survivors (5120K)
 Metaspace       used 66580K, capacity 68069K, committed 68188K, reserved 1107968K
  class space    used 8343K, capacity 8892K, committed 8992K, reserved 1048576K
}
Event: 20.373 GC heap before
{Heap before GC invocations=20 (full 0):
 garbage-first heap   total 172032K, used 113172K [0x0000000080000000, 0x0000000100000000)
  region size 1024K, 62 young (63488K), 5 survivors (5120K)
 Metaspace       used 70827K, capacity 72450K, committed 72668K, reserved 1112064K
  class space    used 9015K, capacity 9604K, committed 9632K, reserved 1048576K
}
Event: 20.387 GC heap after
{Heap after GC invocations=21 (full 0):
 garbage-first heap   total 172032K, used 57844K [0x0000000080000000, 0x0000000100000000)
  region size 1024K, 8 young (8192K), 8 survivors (8192K)
 Metaspace       used 70827K, capacity 72450K, committed 72668K, reserved 1112064K
  class space    used 9015K, capacity 9604K, committed 9632K, reserved 1048576K
}
Event: 21.789 GC heap before
{Heap before GC invocations=21 (full 0):
 garbage-first heap   total 172032K, used 118260K [0x0000000080000000, 0x0000000100000000)
  region size 1024K, 67 young (68608K), 8 survivors (8192K)
 Metaspace       used 73486K, capacity 75159K, committed 75484K, reserved 1114112K
  class space    used 9415K, capacity 10028K, committed 10144K, reserved 1048576K
}
Event: 21.825 GC heap after
{Heap after GC invocations=22 (full 0):
 garbage-first heap   total 172032K, used 62380K [0x0000000080000000, 0x0000000100000000)
  region size 1024K, 8 young (8192K), 8 survivors (8192K)
 Metaspace       used 73486K, capacity 75159K, committed 75484K, reserved 1114112K
  class space    used 9415K, capacity 10028K, committed 10144K, reserved 1048576K
}
Event: 25.729 GC heap before
{Heap before GC invocations=22 (full 0):
 garbage-first heap   total 172032K, used 123820K [0x0000000080000000, 0x0000000100000000)
  region size 1024K, 68 young (69632K), 8 survivors (8192K)
 Metaspace       used 78626K, capacity 80524K, committed 80604K, reserved 1120256K
  class space    used 10168K, capacity 10874K, committed 10912K, reserved 1048576K
}
Event: 25.753 GC heap after
{Heap after GC invocations=23 (full 0):
 garbage-first heap   total 172032K, used 66141K [0x0000000080000000, 0x0000000100000000)
  region size 1024K, 8 young (8192K), 8 survivors (8192K)
 Metaspace       used 78626K, capacity 80524K, committed 80604K, reserved 1120256K
  class space    used 10168K, capacity 10874K, committed 10912K, reserved 1048576K
}
Event: 29.070 GC heap before
{Heap before GC invocations=23 (full 0):
 garbage-first heap   total 172032K, used 126557K [0x0000000080000000, 0x0000000100000000)
  region size 1024K, 68 young (69632K), 8 survivors (8192K)
 Metaspace       used 84838K, capacity 86912K, committed 87004K, reserved 1124352K
  class space    used 10927K, capacity 11679K, committed 11680K, reserved 1048576K
}
Event: 29.099 GC heap after
{Heap after GC invocations=24 (full 0):
 garbage-first heap   total 172032K, used 72493K [0x0000000080000000, 0x0000000100000000)
  region size 1024K, 9 young (9216K), 9 survivors (9216K)
 Metaspace       used 84838K, capacity 86912K, committed 87004K, reserved 1124352K
  class space    used 10927K, capacity 11679K, committed 11680K, reserved 1048576K
}
Event: 30.809 GC heap before
{Heap before GC invocations=24 (full 0):
 garbage-first heap   total 172032K, used 129837K [0x0000000080000000, 0x0000000100000000)
  region size 1024K, 66 young (67584K), 9 survivors (9216K)
 Metaspace       used 85737K, capacity 87844K, committed 87900K, reserved 1126400K
  class space    used 11008K, capacity 11787K, committed 11808K, reserved 1048576K
}
Event: 30.834 GC heap after
{Heap after GC invocations=25 (full 0):
 garbage-first heap   total 206848K, used 77594K [0x0000000080000000, 0x0000000100000000)
  region size 1024K, 5 young (5120K), 5 survivors (5120K)
 Metaspace       used 85737K, capacity 87844K, committed 87900K, reserved 1126400K
  class space    used 11008K, capacity 11787K, committed 11808K, reserved 1048576K
}

Deoptimization events (20 events):
Event: 31.253 Thread 0x0000015b7bf77000 Uncommon trap: trap_request=0xffffff4d fr.pc=0x0000015b672b054c relative=0x000000000000074c
Event: 31.253 Thread 0x0000015b7bf77000 Uncommon trap: reason=unstable_if action=reinterpret pc=0x0000015b672b054c method=org.gradle.internal.snapshot.PathUtil.equalChars(CCLorg/gradle/internal/snapshot/CaseSensitivity;)Z @ 40 c2
Event: 31.253 Thread 0x0000015b7bf77000 DEOPT PACKING pc=0x0000015b672b054c sp=0x0000002d2c3fccc0
Event: 31.253 Thread 0x0000015b7bf77000 DEOPT UNPACKING pc=0x0000015b5f34a1af sp=0x0000002d2c3fcbd8 mode 2
Event: 31.255 Thread 0x0000015b7bf77000 Uncommon trap: trap_request=0xffffffc6 fr.pc=0x0000015b672bade0 relative=0x0000000000000380
Event: 31.255 Thread 0x0000015b7bf77000 Uncommon trap: reason=bimorphic_or_optimized_type_check action=maybe_recompile pc=0x0000015b672bade0 method=com.google.common.collect.NaturalOrdering.compare(Ljava/lang/Comparable;Ljava/lang/Comparable;)I @ 12 c2
Event: 31.255 Thread 0x0000015b7bf77000 DEOPT PACKING pc=0x0000015b672bade0 sp=0x0000002d2c3fe0c0
Event: 31.255 Thread 0x0000015b7bf77000 DEOPT UNPACKING pc=0x0000015b5f34a1af sp=0x0000002d2c3fdfe0 mode 2
Event: 31.255 Thread 0x0000015b7bf77000 Uncommon trap: trap_request=0xffffffc6 fr.pc=0x0000015b672bade0 relative=0x0000000000000380
Event: 31.255 Thread 0x0000015b7bf77000 Uncommon trap: reason=bimorphic_or_optimized_type_check action=maybe_recompile pc=0x0000015b672bade0 method=com.google.common.collect.NaturalOrdering.compare(Ljava/lang/Comparable;Ljava/lang/Comparable;)I @ 12 c2
Event: 31.255 Thread 0x0000015b7bf77000 DEOPT PACKING pc=0x0000015b672bade0 sp=0x0000002d2c3fe0c0
Event: 31.256 Thread 0x0000015b7bf77000 DEOPT UNPACKING pc=0x0000015b5f34a1af sp=0x0000002d2c3fdfe0 mode 2
Event: 31.256 Thread 0x0000015b7bf77000 Uncommon trap: trap_request=0xffffffc6 fr.pc=0x0000015b672bade0 relative=0x0000000000000380
Event: 31.256 Thread 0x0000015b7bf77000 Uncommon trap: reason=bimorphic_or_optimized_type_check action=maybe_recompile pc=0x0000015b672bade0 method=com.google.common.collect.NaturalOrdering.compare(Ljava/lang/Comparable;Ljava/lang/Comparable;)I @ 12 c2
Event: 31.256 Thread 0x0000015b7bf77000 DEOPT PACKING pc=0x0000015b672bade0 sp=0x0000002d2c3fe0c0
Event: 31.256 Thread 0x0000015b7bf77000 DEOPT UNPACKING pc=0x0000015b5f34a1af sp=0x0000002d2c3fdfe0 mode 2
Event: 31.256 Thread 0x0000015b7bf77000 Uncommon trap: trap_request=0xffffffc6 fr.pc=0x0000015b672bade0 relative=0x0000000000000380
Event: 31.256 Thread 0x0000015b7bf77000 Uncommon trap: reason=bimorphic_or_optimized_type_check action=maybe_recompile pc=0x0000015b672bade0 method=com.google.common.collect.NaturalOrdering.compare(Ljava/lang/Comparable;Ljava/lang/Comparable;)I @ 12 c2
Event: 31.256 Thread 0x0000015b7bf77000 DEOPT PACKING pc=0x0000015b672bade0 sp=0x0000002d2c3fe2c0
Event: 31.256 Thread 0x0000015b7bf77000 DEOPT UNPACKING pc=0x0000015b5f34a1af sp=0x0000002d2c3fe1e0 mode 2

Classes redefined (0 events):
No events

Internal exceptions (20 events):
Event: 27.485 Thread 0x0000015b77823800 Exception <a 'sun/nio/fs/WindowsException'{0x0000000087f1cb00}> (0x0000000087f1cb00) thrown at [./src/hotspot/share/prims/jni.cpp, line 616]
Event: 27.731 Thread 0x0000015b77366800 Exception <a 'java/lang/NoSuchMethodError'{0x0000000087b60790}: <clinit>> (0x0000000087b60790) thrown at [./src/hotspot/share/prims/jni.cpp, line 1366]
Event: 27.733 Thread 0x0000015b77366800 Exception <a 'java/lang/NoSuchMethodError'{0x0000000087b6c2e0}: <clinit>> (0x0000000087b6c2e0) thrown at [./src/hotspot/share/prims/jni.cpp, line 1366]
Event: 27.766 Thread 0x0000015b7bf77000 Exception <a 'java/lang/IncompatibleClassChangeError'{0x0000000087bc8fa0}: Found class java.lang.Object, but interface was expected> (0x0000000087bc8fa0) thrown at [./src/hotspot/share/interpreter/linkResolver.cpp, line 839]
Event: 27.864 Thread 0x0000015b7bf77000 Implicit null exception at 0x0000015b671ec577 to 0x0000015b671ec70c
Event: 27.929 Thread 0x0000015b7bf77000 Exception <a 'java/lang/IncompatibleClassChangeError'{0x000000008780b230}: Found class java.lang.Object, but interface was expected> (0x000000008780b230) thrown at [./src/hotspot/share/interpreter/linkResolver.cpp, line 839]
Event: 28.254 Thread 0x0000015b7bf77000 Exception <a 'java/lang/NoSuchMethodError'{0x0000000087623d00}: 'int java.lang.invoke.DirectMethodHandle$Holder.invokeStaticInit(java.lang.Object, java.lang.Object, java.lang.Object, java.lang.Object, java.lang.Object)'> (0x0000000087623d00) thrown at [./src/hotspot/share/interpreter/linkResolver.cpp, line 773]
Event: 28.297 Thread 0x0000015b77366800 Exception <a 'java/lang/NoSuchMethodError'{0x00000000875bbab0}: <clinit>> (0x00000000875bbab0) thrown at [./src/hotspot/share/prims/jni.cpp, line 1366]
Event: 28.299 Thread 0x0000015b77366800 Exception <a 'java/lang/NoSuchMethodError'{0x00000000875fab70}: <clinit>> (0x00000000875fab70) thrown at [./src/hotspot/share/prims/jni.cpp, line 1366]
Event: 28.299 Thread 0x0000015b77366800 Exception <a 'java/lang/NoSuchMethodError'{0x00000000875fc098}: <clinit>> (0x00000000875fc098) thrown at [./src/hotspot/share/prims/jni.cpp, line 1366]
Event: 28.395 Thread 0x0000015b7bd68000 Exception <a 'java/lang/NoSuchMethodError'{0x00000000872b2508}: <clinit>> (0x00000000872b2508) thrown at [./src/hotspot/share/prims/jni.cpp, line 1366]
Event: 28.400 Thread 0x0000015b7bd68000 Exception <a 'java/lang/NoSuchMethodError'{0x00000000872c7038}: <clinit>> (0x00000000872c7038) thrown at [./src/hotspot/share/prims/jni.cpp, line 1366]
Event: 28.406 Thread 0x0000015b77366800 Exception <a 'java/lang/NoSuchMethodError'{0x00000000872e60d0}: <clinit>> (0x00000000872e60d0) thrown at [./src/hotspot/share/prims/jni.cpp, line 1366]
Event: 28.442 Thread 0x0000015b7bd68000 Exception <a 'java/lang/NoSuchMethodError'{0x00000000872f9028}: <clinit>> (0x00000000872f9028) thrown at [./src/hotspot/share/prims/jni.cpp, line 1366]
Event: 28.514 Thread 0x0000015b7bf77000 Exception <a 'java/lang/NoSuchMethodError'{0x0000000087015fd0}: 'int java.lang.invoke.DirectMethodHandle$Holder.invokeSpecial(java.lang.Object, java.lang.Object, java.lang.Object, java.lang.Object, java.lang.Object)'> (0x0000000087015fd0) thrown at [./src/hotspot/share/interpreter/linkResolver.cpp, line 773]
Event: 29.401 Thread 0x0000015b7bf77000 Exception <a 'java/lang/NoSuchMethodError'{0x000000008a2d26e8}: 'void java.lang.invoke.DirectMethodHandle$Holder.invokeStatic(java.lang.Object, java.lang.Object, java.lang.Object, java.lang.Object, int, java.lang.Object, java.lang.Object)'> (0x000000008a2d26e8) thrown at [./src/hotspot/share/interpreter/linkResolver.cpp, line 773]
Event: 29.458 Thread 0x0000015b7b56b000 Exception <a 'java/lang/NoSuchMethodError'{0x0000000089da72e8}: 'java.lang.Object java.lang.invoke.DirectMethodHandle$Holder.invokeSpecialIFC(java.lang.Object, java.lang.Object, java.lang.Object)'> (0x0000000089da72e8) thrown at [./src/hotspot/share/interpreter/linkResolver.cpp, line 773]
Event: 29.458 Thread 0x0000015b7b3ae800 Exception <a 'java/lang/NoSuchMethodError'{0x0000000089d88e18}: 'java.lang.Object java.lang.invoke.DirectMethodHandle$Holder.invokeSpecialIFC(java.lang.Object, java.lang.Object, java.lang.Object)'> (0x0000000089d88e18) thrown at [./src/hotspot/share/interpreter/linkResolver.cpp, line 773]
Event: 29.458 Thread 0x0000015b7bf77000 Exception <a 'java/lang/NoSuchMethodError'{0x0000000089d40038}: 'java.lang.Object java.lang.invoke.DirectMethodHandle$Holder.invokeSpecialIFC(java.lang.Object, java.lang.Object, java.lang.Object)'> (0x0000000089d40038) thrown at [./src/hotspot/share/interpreter/linkResolver.cpp, line 773]
Event: 29.869 Thread 0x0000015b7b56b000 Exception <a 'java/lang/NoSuchMethodError'{0x0000000088b71488}: 'void java.lang.invoke.DirectMethodHandle$Holder.invokeVirtual(java.lang.Object, java.lang.Object)'> (0x0000000088b71488) thrown at [./src/hotspot/share/interpreter/linkResolver.cpp, line 773]

Events (20 events):
Event: 31.237 loading class org/gradle/internal/reflect/validation/DefaultSolutionBuilder
Event: 31.237 loading class org/gradle/internal/reflect/validation/DefaultSolutionBuilder done
Event: 31.238 loading class org/gradle/internal/reflect/validation/UserManualReference
Event: 31.238 loading class org/gradle/internal/reflect/validation/UserManualReference done
Event: 31.238 loading class org/gradle/internal/reflect/validation/TypeValidationProblemLocation
Event: 31.238 loading class org/gradle/internal/reflect/validation/TypeValidationProblemLocation done
Event: 31.239 loading class org/gradle/internal/reflect/validation/Location
Event: 31.239 loading class org/gradle/internal/reflect/validation/Location done
Event: 31.240 loading class org/gradle/internal/reflect/validation/UserManualReference
Event: 31.240 loading class org/gradle/internal/reflect/validation/UserManualReference done
Event: 31.240 loading class org/gradle/internal/reflect/validation/UserManualReference
Event: 31.240 loading class org/gradle/internal/reflect/validation/UserManualReference done
Event: 31.280 loading class org/gradle/internal/snapshot/impl/SetValueSnapshot
Event: 31.280 loading class org/gradle/internal/snapshot/impl/SetValueSnapshot done
Event: 31.281 loading class org/gradle/internal/snapshot/impl/ManagedValueSnapshot
Event: 31.281 loading class org/gradle/internal/snapshot/impl/ManagedValueSnapshot done
Event: 31.293 loading class com/android/build/gradle/tasks/MapSourceSetPathsTask$CreateAction$configure$6$1$2$1
Event: 31.293 loading class com/android/build/gradle/tasks/MapSourceSetPathsTask$CreateAction$configure$6$1$2$1 done
Event: 31.318 Executing VM operation: ICBufferFull
Event: 31.318 Executing VM operation: ICBufferFull done


Dynamic libraries:
0x00007ff665a30000 - 0x00007ff665a3a000 	C:\Program Files\Android\Android Studio\jre\bin\java.exe
0x00007ff9394f0000 - 0x00007ff9396e8000 	C:\Windows\SYSTEM32\ntdll.dll
0x00007ff937ca0000 - 0x00007ff937d5f000 	C:\Windows\System32\KERNEL32.DLL
0x00007ff937200000 - 0x00007ff9374d2000 	C:\Windows\System32\KERNELBASE.dll
0x00007ff937100000 - 0x00007ff937200000 	C:\Windows\System32\ucrtbase.dll
0x00007ff931b90000 - 0x00007ff931ba9000 	C:\Program Files\Android\Android Studio\jre\bin\jli.dll
0x00007ff937660000 - 0x00007ff937801000 	C:\Windows\System32\USER32.dll
0x00007ff936c80000 - 0x00007ff936ca2000 	C:\Windows\System32\win32u.dll
0x00007ff931b70000 - 0x00007ff931b87000 	C:\Program Files\Android\Android Studio\jre\bin\VCRUNTIME140.dll
0x00007ff937930000 - 0x00007ff93795b000 	C:\Windows\System32\GDI32.dll
0x00007ff923c70000 - 0x00007ff923f0a000 	C:\Windows\WinSxS\amd64_microsoft.windows.common-controls_6595b64144ccf1df_6.0.19041.1110_none_60b5254171f9507e\COMCTL32.dll
0x00007ff936cb0000 - 0x00007ff936dbf000 	C:\Windows\System32\gdi32full.dll
0x00007ff937890000 - 0x00007ff93792e000 	C:\Windows\System32\msvcrt.dll
0x00007ff936e50000 - 0x00007ff936eed000 	C:\Windows\System32\msvcp_win.dll
0x00007ff9392f0000 - 0x00007ff939322000 	C:\Windows\System32\IMM32.DLL
0x00007ff90d830000 - 0x00007ff90d8cd000 	C:\Program Files\Android\Android Studio\jre\bin\msvcp140.dll
0x00007ff8fc950000 - 0x00007ff8fd452000 	C:\Program Files\Android\Android Studio\jre\bin\server\jvm.dll
0x00007ff937a40000 - 0x00007ff937aee000 	C:\Windows\System32\ADVAPI32.dll
0x00007ff938de0000 - 0x00007ff938e7c000 	C:\Windows\System32\sechost.dll
0x00007ff9389e0000 - 0x00007ff938b05000 	C:\Windows\System32\RPCRT4.dll
0x00007ff938d70000 - 0x00007ff938d78000 	C:\Windows\System32\PSAPI.DLL
0x00007ff933a10000 - 0x00007ff933a19000 	C:\Windows\SYSTEM32\WSOCK32.dll
0x00007ff92dfa0000 - 0x00007ff92dfc7000 	C:\Windows\SYSTEM32\WINMM.dll
0x00007ff938580000 - 0x00007ff9385eb000 	C:\Windows\System32\WS2_32.dll
0x00007ff92ef80000 - 0x00007ff92ef8a000 	C:\Windows\SYSTEM32\VERSION.dll
0x00007ff934980000 - 0x00007ff934992000 	C:\Windows\SYSTEM32\kernel.appcore.dll
0x00007ff9316a0000 - 0x00007ff9316b1000 	C:\Program Files\Android\Android Studio\jre\bin\verify.dll
0x00007ff923f50000 - 0x00007ff924134000 	C:\Windows\SYSTEM32\DBGHELP.DLL
0x00007ff921bd0000 - 0x00007ff921c05000 	C:\Windows\SYSTEM32\dbgcore.DLL
0x00007ff936dc0000 - 0x00007ff936e42000 	C:\Windows\System32\bcryptPrimitives.dll
0x00007ff9210f0000 - 0x00007ff921119000 	C:\Program Files\Android\Android Studio\jre\bin\java.dll
0x00007ff932640000 - 0x00007ff93264b000 	C:\Program Files\Android\Android Studio\jre\bin\jimage.dll
0x00007ff9210d0000 - 0x00007ff9210e8000 	C:\Program Files\Android\Android Studio\jre\bin\zip.dll
0x00007ff937e20000 - 0x00007ff938564000 	C:\Windows\System32\SHELL32.dll
0x00007ff934c60000 - 0x00007ff9353f2000 	C:\Windows\SYSTEM32\windows.storage.dll
0x00007ff9385f0000 - 0x00007ff938945000 	C:\Windows\System32\combase.dll
0x00007ff936560000 - 0x00007ff936590000 	C:\Windows\SYSTEM32\Wldp.dll
0x00007ff937d70000 - 0x00007ff937e1d000 	C:\Windows\System32\SHCORE.dll
0x00007ff938cb0000 - 0x00007ff938d05000 	C:\Windows\System32\shlwapi.dll
0x00007ff936b20000 - 0x00007ff936b3f000 	C:\Windows\SYSTEM32\profapi.dll
0x00007ff920f80000 - 0x00007ff920f9a000 	C:\Program Files\Android\Android Studio\jre\bin\net.dll
0x00007ff92a840000 - 0x00007ff92a94c000 	C:\Windows\SYSTEM32\WINHTTP.dll
0x00007ff9362d0000 - 0x00007ff93633a000 	C:\Windows\system32\mswsock.dll
0x00007ff920f60000 - 0x00007ff920f74000 	C:\Program Files\Android\Android Studio\jre\bin\nio.dll
0x00007ff90eae0000 - 0x00007ff90eb07000 	C:\Users\houssem\.gradle\native\e1d6ef7f7dcc3fd88c89a11ec53ec762bb8ba0a96d01ffa2cd45eb1d1d8dd5c5\windows-amd64\native-platform.dll
0x00007ff8f61c0000 - 0x00007ff8f6304000 	C:\Users\houssem\.gradle\native\0d407fdbe67a94daf76414ababcb853783967236a71b16ec16e742cd7a986fd3\windows-amd64\native-platform-file-events.dll
0x00007ff9325e0000 - 0x00007ff9325ea000 	C:\Program Files\Android\Android Studio\jre\bin\management.dll
0x00007ff931300000 - 0x00007ff93130d000 	C:\Program Files\Android\Android Studio\jre\bin\management_ext.dll
0x00007ff9368a0000 - 0x00007ff9368b8000 	C:\Windows\SYSTEM32\CRYPTSP.dll
0x00007ff935b90000 - 0x00007ff935bc4000 	C:\Windows\system32\rsaenh.dll
0x00007ff936c50000 - 0x00007ff936c77000 	C:\Windows\System32\bcrypt.dll
0x00007ff936ae0000 - 0x00007ff936b0e000 	C:\Windows\SYSTEM32\USERENV.dll
0x00007ff936480000 - 0x00007ff93648c000 	C:\Windows\SYSTEM32\CRYPTBASE.dll
0x00007ff935fd0000 - 0x00007ff93600b000 	C:\Windows\SYSTEM32\IPHLPAPI.DLL
0x00007ff938570000 - 0x00007ff938578000 	C:\Windows\System32\NSI.dll
0x00007ff92ef60000 - 0x00007ff92ef77000 	C:\Windows\SYSTEM32\dhcpcsvc6.DLL
0x00007ff92bf70000 - 0x00007ff92bf8d000 	C:\Windows\SYSTEM32\dhcpcsvc.DLL
0x00007ff936010000 - 0x00007ff9360da000 	C:\Windows\SYSTEM32\DNSAPI.dll

dbghelp: loaded successfully - version: 4.0.5 - missing functions: none
symbol engine: initialized successfully - sym options: 0x614 - pdb path: .;C:\Program Files\Android\Android Studio\jre\bin;C:\Windows\SYSTEM32;C:\Windows\WinSxS\amd64_microsoft.windows.common-controls_6595b64144ccf1df_6.0.19041.1110_none_60b5254171f9507e;C:\Program Files\Android\Android Studio\jre\bin\server;C:\Users\houssem\.gradle\native\e1d6ef7f7dcc3fd88c89a11ec53ec762bb8ba0a96d01ffa2cd45eb1d1d8dd5c5\windows-amd64;C:\Users\houssem\.gradle\native\0d407fdbe67a94daf76414ababcb853783967236a71b16ec16e742cd7a986fd3\windows-amd64

VM Arguments:
jvm_args: --add-opens=java.base/java.util=ALL-UNNAMED --add-opens=java.base/java.lang=ALL-UNNAMED --add-opens=java.base/java.lang.invoke=ALL-UNNAMED --add-opens=java.base/java.util=ALL-UNNAMED --add-opens=java.prefs/java.util.prefs=ALL-UNNAMED --add-opens=java.prefs/java.util.prefs=ALL-UNNAMED --add-opens=java.base/java.nio.charset=ALL-UNNAMED --add-opens=java.base/java.net=ALL-UNNAMED --add-opens=java.base/java.util.concurrent.atomic=ALL-UNNAMED -Xmx2048m -Dfile.encoding=UTF-8 -Duser.country=US -Duser.language=en -Duser.variant 
java_command: org.gradle.launcher.daemon.bootstrap.GradleDaemon 7.4
java_class_path (initial): C:\Users\houssem\.gradle\wrapper\dists\gradle-7.4-bin\c0gwcg53nkjbqw7r0h0umtfvt\gradle-7.4\lib\gradle-launcher-7.4.jar
Launcher Type: SUN_STANDARD

[Global flags]
     intx CICompilerCount                          = 3                                         {product} {ergonomic}
     uint ConcGCThreads                            = 1                                         {product} {ergonomic}
     uint G1ConcRefinementThreads                  = 4                                         {product} {ergonomic}
   size_t G1HeapRegionSize                         = 1048576                                   {product} {ergonomic}
    uintx GCDrainStackTargetSize                   = 64                                        {product} {ergonomic}
   size_t InitialHeapSize                          = 100663296                                 {product} {ergonomic}
   size_t MarkStackSize                            = 4194304                                   {product} {ergonomic}
   size_t MaxHeapSize                              = 2147483648                                {product} {command line}
   size_t MaxNewSize                               = 1287651328                                {product} {ergonomic}
   size_t MinHeapDeltaBytes                        = 1048576                                   {product} {ergonomic}
    uintx NonNMethodCodeHeapSize                   = 5830732                                {pd product} {ergonomic}
    uintx NonProfiledCodeHeapSize                  = 122913754                              {pd product} {ergonomic}
    uintx ProfiledCodeHeapSize                     = 122913754                              {pd product} {ergonomic}
    uintx ReservedCodeCacheSize                    = 251658240                              {pd product} {ergonomic}
     bool SegmentedCodeCache                       = true                                      {product} {ergonomic}
     bool UseCompressedClassPointers               = true                                 {lp64_product} {ergonomic}
     bool UseCompressedOops                        = true                                 {lp64_product} {ergonomic}
     bool UseG1GC                                  = true                                      {product} {ergonomic}
     bool UseLargePagesIndividualAllocation        = false                                  {pd product} {ergonomic}

Logging:
Log output configuration:
 #0: stdout all=warning uptime,level,tags
 #1: stderr all=off uptime,level,tags

Environment Variables:
PATH=C:\Python310\Scripts\;C:\Python310\;C:\Program Files\Common Files\Oracle\Java\javapath;C:\Program Files (x86)\Common Files\Oracle\Java\javapath;C:\ProgramData\Oracle\Java\javapath;C:\oraclexe\app\oracle\product\11.2.0\server\bin;C:\Windows\system32;C:\Windows;C:\Windows\System32\Wbem;C:\Windows\System32\WindowsPowerShell\v1.0\;C:\Windows\System32\OpenSSH\;C:\xampp\php-8.1.6;C:\xampp\php;C:\composer;C:\Program Files\Git\cmd;C:\ProgramData\chocolatey\bin;C:\Program Files\Docker\Docker\resources\bin;C:\ProgramData\DockerDesktop\version-bin;C:\Program Files\MongoDB\Server\6.0\bin;C:\Program Files\MongoDB\Server\5.0\bin;C:\Program Files (x86)\nodejs\;C:\Users\houssem\AppData\Local\Pub\Cache\bin;C:\Users\houssem\scoop\apps\gsudo\current;C:\Users\houssem\scoop\shims;C:\Users\houssem\AppData\Local\Microsoft\WindowsApps;C:\Users\houssem\AppData\Local\Programs\Microsoft VS Code\bin;C:\src\flutter\bin;C:\Users\houssem\AppData\Roaming\Composer\vendor\bin;C:\Program Files\Java\jre1.8.0_311\bin;C:\Program Files\Java\jdk1.8.0_311\bin;C:\Users\houssem\AppData\Local\JetBrains\Toolbox\scripts;C:\Users\houssem\AppData\Roaming\npm
USERNAME=houssem
OS=Windows_NT
PROCESSOR_IDENTIFIER=AMD64 Family 23 Model 24 Stepping 1, AuthenticAMD



---------------  S Y S T E M  ---------------

OS: Windows 10 , 64 bit Build 19041 (10.0.19041.2251)
OS uptime: 3 days 2:21 hours
Hyper-V role detected

CPU:total 4 (initial active 4) (4 cores per cpu, 2 threads per core) family 23 model 24 stepping 1 microcode 0x0, cmov, cx8, fxsr, mmx, sse, sse2, sse3, ssse3, sse4.1, sse4.2, popcnt, avx, avx2, aes, clmul, mmxext, 3dnowpref, lzcnt, sse4a, ht, tsc, tscinvbit, tscinv, bmi1, bmi2, adx, sha, fma

Memory: 4k page, system-wide physical 6090M (280M free)
TotalPageFile size 14186M (AvailPageFile size 0M)
current process WorkingSet (physical memory assigned to process): 414M, peak: 414M
current process commit charge ("private bytes"): 458M, peak: 458M

vm_info: OpenJDK 64-Bit Server VM (11.0.13+0-b1751.21-8125866) for windows-amd64 JRE (11.0.13+0-b1751.21-8125866), built on Feb  2 2022 03:00:22 by "builder" with MS VC++ 14.0 (VS2015)

END.
